e:\cpp\vcpkggui\userscontrols\x64\debug\vc143.pdb
e:\cpp\vcpkggui\userscontrols\x64\debug\.netframework,version=v4.7.2.assemblyattributes.obj
e:\cpp\vcpkggui\userscontrols\x64\debug\settingsusercontrol.obj
e:\cpp\vcpkggui\userscontrols\x64\debug\pch.obj
e:\cpp\vcpkggui\userscontrols\x64\debug\packagesusercontrol.obj
e:\cpp\vcpkggui\userscontrols\x64\debug\mainusercontrol.obj
e:\cpp\vcpkggui\userscontrols\x64\debug\startusercontrol.obj
e:\cpp\vcpkggui\x64\debug\userscontrols.dll
e:\cpp\vcpkggui\x64\debug\userscontrols.pdb
e:\cpp\vcpkggui\userscontrols\x64\debug\app.res
e:\cpp\vcpkggui\userscontrols\x64\debug\userscontrols.tlog\cl.command.1.tlog
e:\cpp\vcpkggui\userscontrols\x64\debug\userscontrols.tlog\cl.items.tlog
e:\cpp\vcpkggui\userscontrols\x64\debug\userscontrols.tlog\cl.read.1.tlog
e:\cpp\vcpkggui\userscontrols\x64\debug\userscontrols.tlog\cl.write.1.tlog
e:\cpp\vcpkggui\userscontrols\x64\debug\userscontrols.tlog\link.command.1.tlog
e:\cpp\vcpkggui\userscontrols\x64\debug\userscontrols.tlog\link.read.1.tlog
e:\cpp\vcpkggui\userscontrols\x64\debug\userscontrols.tlog\link.secondary.1.tlog
e:\cpp\vcpkggui\userscontrols\x64\debug\userscontrols.tlog\link.write.1.tlog
e:\cpp\vcpkggui\userscontrols\x64\debug\userscontrols.tlog\metagen.read.1.tlog
e:\cpp\vcpkggui\userscontrols\x64\debug\userscontrols.tlog\metagen.write.1.tlog
e:\cpp\vcpkggui\userscontrols\x64\debug\userscontrols.tlog\rc.command.1.tlog
e:\cpp\vcpkggui\userscontrols\x64\debug\userscontrols.tlog\rc.read.1.tlog
e:\cpp\vcpkggui\userscontrols\x64\debug\userscontrols.tlog\rc.write.1.tlog
e:\cpp\vcpkggui\userscontrols\x64\debug\userscontrols.tlog\resgen.command.1.tlog
e:\cpp\vcpkggui\userscontrols\x64\debug\userscontrols.tlog\resgen.read.1.tlog
e:\cpp\vcpkggui\userscontrols\x64\debug\userscontrols.tlog\resgen.write.1.tlog
